This is pdfTeX, Version 3.14159265-2.6-1.40.16 (TeX Live 2015/MacPorts 2015_8) (preloaded format=pdflatex 2015.12.23)  15 MAR 2016 19:24
entering extended mode
 \write18 enabled.
 file:line:error style messages enabled.
 %&-line parsing enabled.
**Lab-JPA.tex
(./Lab-JPA.tex
LaTeX2e <2015/01/01>
Babel <3.9l> and hyphenation patterns for 2 languages loaded.
(/opt/local/share/texmf-texlive/tex/latex/koma-script/scrartcl.cls
Document Class: scrartcl 2015/05/06 v3.17a KOMA-Script document class (article)

(/opt/local/share/texmf-texlive/tex/latex/koma-script/scrkbase.sty
Package: scrkbase 2015/05/06 v3.17a KOMA-Script package (KOMA-Script-dependent 
basics and keyval usage)

(/opt/local/share/texmf-texlive/tex/latex/koma-script/scrbase.sty
Package: scrbase 2015/05/06 v3.17a KOMA-Script package (KOMA-Script-independent
 basics and keyval usage)

(/opt/local/share/texmf-texlive/tex/latex/graphics/keyval.sty
Package: keyval 2014/10/28 v1.15 key=value parser (DPC)
\KV@toks@=\toks14
)
(/opt/local/share/texmf-texlive/tex/latex/koma-script/scrlfile.sty
Package: scrlfile 2015/05/06 v3.17a KOMA-Script package (loading files)

Package scrlfile, 2015/05/06 v3.17a KOMA-Script package (loading files)
                  Copyright (C) Markus Kohm

))) (/opt/local/share/texmf-texlive/tex/latex/koma-script/tocbasic.sty
Package: tocbasic 2015/05/06 v3.17a KOMA-Script package (handling toc-files)
)
Package tocbasic Info: omitting babel extension for `toc'
(tocbasic)             because of feature `nobabel' available
(tocbasic)             for `toc' on input line 122.
Package tocbasic Info: omitting babel extension for `lof'
(tocbasic)             because of feature `nobabel' available
(tocbasic)             for `lof' on input line 123.
Package tocbasic Info: omitting babel extension for `lot'
(tocbasic)             because of feature `nobabel' available
(tocbasic)             for `lot' on input line 124.
Package scrartcl Info: You've used standard option `12pt'.
(scrartcl)             This is correct!
(scrartcl)             Internally I'm using `fontsize=12pt'.
(scrartcl)             If you'd like to set the option with \KOMAoptions,
(scrartcl)             you'd have to use `fontsize=12pt' there
(scrartcl)             instead of `12pt', too.
Class scrartcl Info: File `scrsize12pt.clo' used to setup font sizes on input l
ine 1942.

(/opt/local/share/texmf-texlive/tex/latex/koma-script/scrsize12pt.clo
File: scrsize12pt.clo 2015/05/06 v3.17a KOMA-Script font size class option (12p
t)
)
(/opt/local/share/texmf-texlive/tex/latex/koma-script/typearea.sty
Package: typearea 2015/05/06 v3.17a KOMA-Script package (type area)

Package typearea, 2015/05/06 v3.17a KOMA-Script package (type area)
                  Copyright (C) Frank Neukam, 1992-1994
                  Copyright (C) Markus Kohm, 1994-

\ta@bcor=\skip41
\ta@div=\count79
\ta@hblk=\skip42
\ta@vblk=\skip43
\ta@temp=\skip44
\footheight=\skip45
Package typearea Info: These are the values describing the layout:
(typearea)             DIV  = 12
(typearea)             BCOR = 0.0pt
(typearea)             \paperwidth      = 597.50793pt
(typearea)              \textwidth      = 448.13095pt
(typearea)              DIV departure   = -6%
(typearea)              \evensidemargin = 2.4185pt
(typearea)              \oddsidemargin  = 2.4185pt
(typearea)             \paperheight     = 845.04694pt
(typearea)              \textheight     = 635.5pt
(typearea)              \topmargin      = -41.72441pt
(typearea)              \headheight     = 18.125pt
(typearea)              \headsep        = 21.75pt
(typearea)              \topskip        = 12.0pt
(typearea)              \footskip       = 50.75pt
(typearea)              \baselineskip   = 14.5pt
(typearea)              on input line 1485.
)
\c@part=\count80
\c@section=\count81
\c@subsection=\count82
\c@subsubsection=\count83
\c@paragraph=\count84
\c@subparagraph=\count85
LaTeX Info: Redefining \textsubscript on input line 3718.
\abovecaptionskip=\skip46
\belowcaptionskip=\skip47
\c@pti@nb@sid@b@x=\box26
\c@figure=\count86
\c@table=\count87
\bibindent=\dimen102
) (/opt/local/share/texmf-texlive/tex/latex/graphics/graphicx.sty
Package: graphicx 2014/10/28 v1.0g Enhanced LaTeX Graphics (DPC,SPQR)

(/opt/local/share/texmf-texlive/tex/latex/graphics/graphics.sty
Package: graphics 2014/10/28 v1.0p Standard LaTeX Graphics (DPC,SPQR)

(/opt/local/share/texmf-texlive/tex/latex/graphics/trig.sty
Package: trig 1999/03/16 v1.09 sin cos tan (DPC)
)
(/opt/local/share/texmf-texlive/tex/latex/latexconfig/graphics.cfg
File: graphics.cfg 2010/04/23 v1.9 graphics configuration of TeX Live
)
Package graphics Info: Driver file: pdftex.def on input line 94.

(/opt/local/share/texmf-texlive/tex/latex/pdftex-def/pdftex.def
File: pdftex.def 2011/05/27 v0.06d Graphics/color for pdfTeX

(/opt/local/share/texmf-texlive/tex/generic/oberdiek/infwarerr.sty
Package: infwarerr 2010/04/08 v1.3 Providing info/warning/error messages (HO)
)
(/opt/local/share/texmf-texlive/tex/generic/oberdiek/ltxcmds.sty
Package: ltxcmds 2011/11/09 v1.22 LaTeX kernel commands for general use (HO)
)
\Gread@gobject=\count88
))
\Gin@req@height=\dimen103
\Gin@req@width=\dimen104
)
(/opt/local/share/texmf-texlive/tex/latex/xcolor/xcolor.sty
Package: xcolor 2007/01/21 v2.11 LaTeX color extensions (UK)

(/opt/local/share/texmf-texlive/tex/latex/latexconfig/color.cfg
File: color.cfg 2007/01/18 v1.5 color configuration of teTeX/TeXLive
)
Package xcolor Info: Driver file: pdftex.def on input line 225.
Package xcolor Info: Model `cmy' substituted by `cmy0' on input line 1337.
Package xcolor Info: Model `hsb' substituted by `rgb' on input line 1341.
Package xcolor Info: Model `RGB' extended on input line 1353.
Package xcolor Info: Model `HTML' substituted by `rgb' on input line 1355.
Package xcolor Info: Model `Hsb' substituted by `hsb' on input line 1356.
Package xcolor Info: Model `tHsb' substituted by `hsb' on input line 1357.
Package xcolor Info: Model `HSB' substituted by `hsb' on input line 1358.
Package xcolor Info: Model `Gray' substituted by `gray' on input line 1359.
Package xcolor Info: Model `wave' substituted by `hsb' on input line 1360.
)
(/opt/local/share/texmf-texlive/tex/latex/hyperref/hyperref.sty
Package: hyperref 2012/11/06 v6.83m Hypertext links for LaTeX

(/opt/local/share/texmf-texlive/tex/generic/oberdiek/hobsub-hyperref.sty
Package: hobsub-hyperref 2012/05/28 v1.13 Bundle oberdiek, subset hyperref (HO)


(/opt/local/share/texmf-texlive/tex/generic/oberdiek/hobsub-generic.sty
Package: hobsub-generic 2012/05/28 v1.13 Bundle oberdiek, subset generic (HO)
Package: hobsub 2012/05/28 v1.13 Construct package bundles (HO)
Package hobsub Info: Skipping package `infwarerr' (already loaded).
Package hobsub Info: Skipping package `ltxcmds' (already loaded).
Package: ifluatex 2010/03/01 v1.3 Provides the ifluatex switch (HO)
Package ifluatex Info: LuaTeX not detected.
Package: ifvtex 2010/03/01 v1.5 Detect VTeX and its facilities (HO)
Package ifvtex Info: VTeX not detected.
Package: intcalc 2007/09/27 v1.1 Expandable calculations with integers (HO)
Package: ifpdf 2011/01/30 v2.3 Provides the ifpdf switch (HO)
Package ifpdf Info: pdfTeX in PDF mode is detected.
Package: etexcmds 2011/02/16 v1.5 Avoid name clashes with e-TeX commands (HO)
Package etexcmds Info: Could not find \expanded.
(etexcmds)             That can mean that you are not using pdfTeX 1.50 or
(etexcmds)             that some package has redefined \expanded.
(etexcmds)             In the latter case, load this package earlier.
Package: kvsetkeys 2012/04/25 v1.16 Key value parser (HO)
Package: kvdefinekeys 2011/04/07 v1.3 Define keys (HO)
Package: pdftexcmds 2011/11/29 v0.20 Utility functions of pdfTeX for LuaTeX (HO
)
Package pdftexcmds Info: LuaTeX not detected.
Package pdftexcmds Info: \pdf@primitive is available.
Package pdftexcmds Info: \pdf@ifprimitive is available.
Package pdftexcmds Info: \pdfdraftmode found.
Package: pdfescape 2011/11/25 v1.13 Implements pdfTeX's escape features (HO)
Package: bigintcalc 2012/04/08 v1.3 Expandable calculations on big integers (HO
)
Package: bitset 2011/01/30 v1.1 Handle bit-vector datatype (HO)
Package: uniquecounter 2011/01/30 v1.2 Provide unlimited unique counter (HO)
)
Package hobsub Info: Skipping package `hobsub' (already loaded).
Package: letltxmacro 2010/09/02 v1.4 Let assignment for LaTeX macros (HO)
Package: hopatch 2012/05/28 v1.2 Wrapper for package hooks (HO)
Package: xcolor-patch 2011/01/30 xcolor patch
Package: atveryend 2011/06/30 v1.8 Hooks at the very end of document (HO)
Package atveryend Info: \enddocument detected (standard20110627).
Package: atbegshi 2011/10/05 v1.16 At begin shipout hook (HO)
Package: refcount 2011/10/16 v3.4 Data extraction from label references (HO)
Package: hycolor 2011/01/30 v1.7 Color options for hyperref/bookmark (HO)
)
(/opt/local/share/texmf-texlive/tex/generic/ifxetex/ifxetex.sty
Package: ifxetex 2010/09/12 v0.6 Provides ifxetex conditional
)
(/opt/local/share/texmf-texlive/tex/latex/oberdiek/auxhook.sty
Package: auxhook 2011/03/04 v1.3 Hooks for auxiliary files (HO)
)
(/opt/local/share/texmf-texlive/tex/latex/oberdiek/kvoptions.sty
Package: kvoptions 2011/06/30 v3.11 Key value format for package options (HO)
)
\@linkdim=\dimen105
\Hy@linkcounter=\count89
\Hy@pagecounter=\count90

(/opt/local/share/texmf-texlive/tex/latex/hyperref/pd1enc.def
File: pd1enc.def 2012/11/06 v6.83m Hyperref: PDFDocEncoding definition (HO)
)
\Hy@SavedSpaceFactor=\count91

(/opt/local/share/texmf-texlive/tex/latex/latexconfig/hyperref.cfg
File: hyperref.cfg 2002/06/06 v1.2 hyperref configuration of TeXLive
)
Package hyperref Info: Hyper figures OFF on input line 4443.
Package hyperref Info: Link nesting OFF on input line 4448.
Package hyperref Info: Hyper index ON on input line 4451.
Package hyperref Info: Plain pages OFF on input line 4458.
Package hyperref Info: Backreferencing OFF on input line 4463.
Package hyperref Info: Implicit mode ON; LaTeX internals redefined.
Package hyperref Info: Bookmarks ON on input line 4688.
\c@Hy@tempcnt=\count92

(/opt/local/share/texmf-texlive/tex/latex/url/url.sty
\Urlmuskip=\muskip10
Package: url 2013/09/16  ver 3.4  Verb mode for urls, etc.
)
LaTeX Info: Redefining \url on input line 5041.
\XeTeXLinkMargin=\dimen106
\Fld@menulength=\count93
\Field@Width=\dimen107
\Fld@charsize=\dimen108
Package hyperref Info: Hyper figures OFF on input line 6295.
Package hyperref Info: Link nesting OFF on input line 6300.
Package hyperref Info: Hyper index ON on input line 6303.
Package hyperref Info: backreferencing OFF on input line 6310.
Package hyperref Info: Link coloring OFF on input line 6315.
Package hyperref Info: Link coloring with OCG OFF on input line 6320.
Package hyperref Info: PDF/A mode OFF on input line 6325.
LaTeX Info: Redefining \ref on input line 6365.
LaTeX Info: Redefining \pageref on input line 6369.
\Hy@abspage=\count94
\c@Item=\count95
\c@Hfootnote=\count96
)

Package hyperref Message: Driver (autodetected): hpdftex.

(/opt/local/share/texmf-texlive/tex/latex/hyperref/hpdftex.def
File: hpdftex.def 2012/11/06 v6.83m Hyperref driver for pdfTeX
\Fld@listcount=\count97
\c@bookmark@seq@number=\count98

(/opt/local/share/texmf-texlive/tex/latex/oberdiek/rerunfilecheck.sty
Package: rerunfilecheck 2011/04/15 v1.7 Rerun checks for auxiliary files (HO)
Package uniquecounter Info: New unique counter `rerunfilecheck' on input line 2
82.
)
\Hy@SectionHShift=\skip48
)

Package hyperref Warning: Option `letterpaper' is no longer used.

Package hyperref Info: Option `colorlinks' set `true' on input line 26.

Package hyperref Warning: Values of option `pdfpagemode':
(hyperref)                * `UseNone'
(hyperref)                * `UseOutlines'
(hyperref)                * `UseThumbs'
(hyperref)                * `FullScreen'
(hyperref)                * `UseOC' (PDF 1.5)
(hyperref)                * `UseAttachments' (PDF 1.6)
(hyperref)                * An empty value disables the option.
(hyperref)                Unknown value `none' on input line 26.


Package hyperref Warning: Token not allowed in a PDF string (PDFDocEncoding):
(hyperref)                removing `math shift' on input line 26.


Package hyperref Warning: Token not allowed in a PDF string (PDFDocEncoding):
(hyperref)                removing `math shift' on input line 26.


Package hyperref Warning: Token not allowed in a PDF string (PDFDocEncoding):
(hyperref)                removing `math shift' on input line 26.


Package hyperref Warning: Token not allowed in a PDF string (PDFDocEncoding):
(hyperref)                removing `math shift' on input line 26.

(/opt/local/share/texmf-texlive/tex/latex/minted/minted.sty
Package: minted 2015/09/09 v2.1 Yet another Pygments shim for LaTeX

(/opt/local/share/texmf-texlive/tex/latex/fancyvrb/fancyvrb.sty
Package: fancyvrb 2008/02/07

Style option: `fancyvrb' v2.7a, with DG/SPQR fixes, and firstline=lastline fix 
<2008/02/07> (tvz)
\FV@CodeLineNo=\count99
\FV@InFile=\read1
\FV@TabBox=\box27
\c@FancyVerbLine=\count100
\FV@StepNumber=\count101
\FV@OutFile=\write3
) (/opt/local/share/texmf-texlive/tex/latex/float/float.sty
Package: float 2001/11/08 v1.3d Float enhancements (AL)
\c@float@type=\count102
\float@exts=\toks15
\float@box=\box28
\@float@everytoks=\toks16
\@floatcapt=\box29
)
(/opt/local/share/texmf-texlive/tex/latex/base/ifthen.sty
Package: ifthen 2014/09/29 v1.1c Standard LaTeX ifthen package (DPC)
)
(/opt/local/share/texmf-texlive/tex/latex/tools/calc.sty
Package: calc 2014/10/28 v4.3 Infix arithmetic (KKT,FJ)
\calc@Acount=\count103
\calc@Bcount=\count104
\calc@Adimen=\dimen109
\calc@Bdimen=\dimen110
\calc@Askip=\skip49
\calc@Bskip=\skip50
LaTeX Info: Redefining \setlength on input line 80.
LaTeX Info: Redefining \addtolength on input line 81.
\calc@Ccount=\count105
\calc@Cskip=\skip51
)
(/opt/local/share/texmf-texlive/tex/latex/ifplatform/ifplatform.sty
Package: ifplatform 2010/10/22 v0.4 Testing for the operating system

(/opt/local/share/texmf-texlive/tex/generic/oberdiek/catchfile.sty
Package: catchfile 2011/03/01 v1.6 Catch the contents of a file (HO)
)
runsystem(uname -s > "Lab-JPA.w18")...executed.


(./Lab-JPA.w18)
runsystem(rm -- "Lab-JPA.w18")...executed.

)
(/opt/local/share/texmf-texlive/tex/latex/etoolbox/etoolbox.sty
Package: etoolbox 2011/01/03 v2.1 e-TeX tools for LaTeX

(/opt/local/share/texmf-texlive/tex/latex/etex-pkg/etex.sty
Package: etex 2015/03/02 v2.1 eTeX basic definition package (PEB,DPC)
\et@xins=\count106
)
\etb@tempcnta=\count107
)
(/opt/local/share/texmf-texlive/tex/generic/xstring/xstring.sty
(/opt/local/share/texmf-texlive/tex/generic/xstring/xstring.tex
\@xs@message=\write4
\integerpart=\count108
\decimalpart=\count109
)
Package: xstring 2013/2/28  v1.7a  String manipulations (C Tellechea)
)
(/opt/local/share/texmf-texlive/tex/latex/lineno/lineno.sty
Package: lineno 2005/11/02 line numbers on paragraphs v4.41
\linenopenalty=\count110
\output=\toks17
\linenoprevgraf=\count111
\linenumbersep=\dimen111
\linenumberwidth=\dimen112
\c@linenumber=\count112
\c@pagewiselinenumber=\count113
\c@LN@truepage=\count114
\c@internallinenumber=\count115
\c@internallinenumbers=\count116
\quotelinenumbersep=\dimen113
\bframerule=\dimen114
\bframesep=\dimen115
\bframebox=\box30
LaTeX Info: Redefining \\ on input line 3056.
)
(/opt/local/share/texmf-texlive/tex/latex/caption/newfloat.sty
Package: newfloat 2013/05/11 v1.1-91 Defining new floating environments (AR)
)
\minted@appexistsfile=\read2
\FV@BreakIndent=\dimen116
\FV@BreakSymbolSepLeft=\dimen117
\FV@BreakSymbolSepRight=\dimen118
\FV@BreakSymbolIndentLeft=\dimen119
\FV@BreakSymbolIndentRight=\dimen120
\c@FancyVerbLineBreakLast=\count117
\FV@LineBox=\box31
\FV@LineIndentBox=\box32
\minted@bgbox=\box33
\minted@code=\write5
\c@minted@FancyVerbLineTemp=\count118
Package newfloat Info: New float `listing' with options `fileext=lol,placement=
h' on input line 1464.
\c@listing=\count119
Package newfloat Info: float type `listing'=4 on input line 1464.
Package tocbasic Info: setting babel extension for `lol' on input line 1464.
)
runsystem(mkdir -p "_minted-Lab-JPA")...executed.


(./_minted-Lab-JPA/default.pygstyle)
(/opt/local/share/texmf/tex/latex/pgf/frontendlayer/tikz.sty
(/opt/local/share/texmf/tex/latex/pgf/basiclayer/pgf.sty
(/opt/local/share/texmf/tex/latex/pgf/utilities/pgfrcs.sty
(/opt/local/share/texmf/tex/generic/pgf/utilities/pgfutil-common.tex
\pgfutil@everybye=\toks18
\pgfutil@tempdima=\dimen121
\pgfutil@tempdimb=\dimen122

(/opt/local/share/texmf/tex/generic/pgf/utilities/pgfutil-common-lists.tex))
(/opt/local/share/texmf/tex/generic/pgf/utilities/pgfutil-latex.def
\pgfutil@abb=\box34

(/opt/local/share/texmf-texlive/tex/latex/ms/everyshi.sty
Package: everyshi 2001/05/15 v3.00 EveryShipout Package (MS)
))
(/opt/local/share/texmf/tex/generic/pgf/utilities/pgfrcs.code.tex
Package: pgfrcs 2015/08/07 v3.0.1 (rcs-revision 1.31)
))
Package: pgf 2015/08/07 v3.0.1 (rcs-revision 1.15)

(/opt/local/share/texmf/tex/latex/pgf/basiclayer/pgfcore.sty
(/opt/local/share/texmf/tex/latex/pgf/systemlayer/pgfsys.sty
(/opt/local/share/texmf/tex/generic/pgf/systemlayer/pgfsys.code.tex
Package: pgfsys 2014/07/09 v3.0.1 (rcs-revision 1.48)

(/opt/local/share/texmf/tex/generic/pgf/utilities/pgfkeys.code.tex
\pgfkeys@pathtoks=\toks19
\pgfkeys@temptoks=\toks20

(/opt/local/share/texmf/tex/generic/pgf/utilities/pgfkeysfiltered.code.tex
\pgfkeys@tmptoks=\toks21
))
\pgf@x=\dimen123
\pgf@y=\dimen124
\pgf@xa=\dimen125
\pgf@ya=\dimen126
\pgf@xb=\dimen127
\pgf@yb=\dimen128
\pgf@xc=\dimen129
\pgf@yc=\dimen130
\w@pgf@writea=\write6
\r@pgf@reada=\read3
\c@pgf@counta=\count120
\c@pgf@countb=\count121
\c@pgf@countc=\count122
\c@pgf@countd=\count123
\t@pgf@toka=\toks22
\t@pgf@tokb=\toks23
\t@pgf@tokc=\toks24

(/opt/local/share/texmf/tex/generic/pgf/systemlayer/pgf.cfg
File: pgf.cfg 2008/05/14  (rcs-revision 1.7)
)
Driver file for pgf: pgfsys-pdftex.def

(/opt/local/share/texmf/tex/generic/pgf/systemlayer/pgfsys-pdftex.def
File: pgfsys-pdftex.def 2014/10/11  (rcs-revision 1.35)

(/opt/local/share/texmf/tex/generic/pgf/systemlayer/pgfsys-common-pdf.def
File: pgfsys-common-pdf.def 2013/10/10  (rcs-revision 1.13)
)))
(/opt/local/share/texmf/tex/generic/pgf/systemlayer/pgfsyssoftpath.code.tex
File: pgfsyssoftpath.code.tex 2013/09/09  (rcs-revision 1.9)
\pgfsyssoftpath@smallbuffer@items=\count124
\pgfsyssoftpath@bigbuffer@items=\count125
)
(/opt/local/share/texmf/tex/generic/pgf/systemlayer/pgfsysprotocol.code.tex
File: pgfsysprotocol.code.tex 2006/10/16  (rcs-revision 1.4)
))
(/opt/local/share/texmf/tex/generic/pgf/basiclayer/pgfcore.code.tex
Package: pgfcore 2010/04/11 v3.0.1 (rcs-revision 1.7)

(/opt/local/share/texmf/tex/generic/pgf/math/pgfmath.code.tex
(/opt/local/share/texmf/tex/generic/pgf/math/pgfmathcalc.code.tex
(/opt/local/share/texmf/tex/generic/pgf/math/pgfmathutil.code.tex)
(/opt/local/share/texmf/tex/generic/pgf/math/pgfmathparser.code.tex
\pgfmath@dimen=\dimen131
\pgfmath@count=\count126
\pgfmath@box=\box35
\pgfmath@toks=\toks25
\pgfmath@stack@operand=\toks26
\pgfmath@stack@operation=\toks27
)
(/opt/local/share/texmf/tex/generic/pgf/math/pgfmathfunctions.code.tex
(/opt/local/share/texmf/tex/generic/pgf/math/pgfmathfunctions.basic.code.tex)
(/opt/local/share/texmf/tex/generic/pgf/math/pgfmathfunctions.trigonometric.cod
e.tex)
(/opt/local/share/texmf/tex/generic/pgf/math/pgfmathfunctions.random.code.tex)
(/opt/local/share/texmf/tex/generic/pgf/math/pgfmathfunctions.comparison.code.t
ex) (/opt/local/share/texmf/tex/generic/pgf/math/pgfmathfunctions.base.code.tex
) (/opt/local/share/texmf/tex/generic/pgf/math/pgfmathfunctions.round.code.tex)
(/opt/local/share/texmf/tex/generic/pgf/math/pgfmathfunctions.misc.code.tex)
(/opt/local/share/texmf/tex/generic/pgf/math/pgfmathfunctions.integerarithmetic
s.code.tex)))
(/opt/local/share/texmf/tex/generic/pgf/math/pgfmathfloat.code.tex
\c@pgfmathroundto@lastzeros=\count127
))
(/opt/local/share/texmf/tex/generic/pgf/basiclayer/pgfcorepoints.code.tex
File: pgfcorepoints.code.tex 2013/10/07  (rcs-revision 1.27)
\pgf@picminx=\dimen132
\pgf@picmaxx=\dimen133
\pgf@picminy=\dimen134
\pgf@picmaxy=\dimen135
\pgf@pathminx=\dimen136
\pgf@pathmaxx=\dimen137
\pgf@pathminy=\dimen138
\pgf@pathmaxy=\dimen139
\pgf@xx=\dimen140
\pgf@xy=\dimen141
\pgf@yx=\dimen142
\pgf@yy=\dimen143
\pgf@zx=\dimen144
\pgf@zy=\dimen145
)
(/opt/local/share/texmf/tex/generic/pgf/basiclayer/pgfcorepathconstruct.code.te
x
File: pgfcorepathconstruct.code.tex 2013/10/07  (rcs-revision 1.29)
\pgf@path@lastx=\dimen146
\pgf@path@lasty=\dimen147
) (/opt/local/share/texmf/tex/generic/pgf/basiclayer/pgfcorepathusage.code.tex
File: pgfcorepathusage.code.tex 2014/11/02  (rcs-revision 1.24)
\pgf@shorten@end@additional=\dimen148
\pgf@shorten@start@additional=\dimen149
) (/opt/local/share/texmf/tex/generic/pgf/basiclayer/pgfcorescopes.code.tex
File: pgfcorescopes.code.tex 2015/05/08  (rcs-revision 1.46)
\pgfpic=\box36
\pgf@hbox=\box37
\pgf@layerbox@main=\box38
\pgf@picture@serial@count=\count128
)
(/opt/local/share/texmf/tex/generic/pgf/basiclayer/pgfcoregraphicstate.code.tex
File: pgfcoregraphicstate.code.tex 2014/11/02  (rcs-revision 1.12)
\pgflinewidth=\dimen150
)
(/opt/local/share/texmf/tex/generic/pgf/basiclayer/pgfcoretransformations.code.
tex
File: pgfcoretransformations.code.tex 2015/08/07  (rcs-revision 1.20)
\pgf@pt@x=\dimen151
\pgf@pt@y=\dimen152
\pgf@pt@temp=\dimen153
) (/opt/local/share/texmf/tex/generic/pgf/basiclayer/pgfcorequick.code.tex
File: pgfcorequick.code.tex 2008/10/09  (rcs-revision 1.3)
)
(/opt/local/share/texmf/tex/generic/pgf/basiclayer/pgfcoreobjects.code.tex
File: pgfcoreobjects.code.tex 2006/10/11  (rcs-revision 1.2)
)
(/opt/local/share/texmf/tex/generic/pgf/basiclayer/pgfcorepathprocessing.code.t
ex
File: pgfcorepathprocessing.code.tex 2013/09/09  (rcs-revision 1.9)
) (/opt/local/share/texmf/tex/generic/pgf/basiclayer/pgfcorearrows.code.tex
File: pgfcorearrows.code.tex 2015/05/14  (rcs-revision 1.43)
\pgfarrowsep=\dimen154
)
(/opt/local/share/texmf/tex/generic/pgf/basiclayer/pgfcoreshade.code.tex
File: pgfcoreshade.code.tex 2013/07/15  (rcs-revision 1.15)
\pgf@max=\dimen155
\pgf@sys@shading@range@num=\count129
)
(/opt/local/share/texmf/tex/generic/pgf/basiclayer/pgfcoreimage.code.tex
File: pgfcoreimage.code.tex 2013/07/15  (rcs-revision 1.18)

(/opt/local/share/texmf/tex/generic/pgf/basiclayer/pgfcoreexternal.code.tex
File: pgfcoreexternal.code.tex 2014/07/09  (rcs-revision 1.21)
\pgfexternal@startupbox=\box39
))
(/opt/local/share/texmf/tex/generic/pgf/basiclayer/pgfcorelayers.code.tex
File: pgfcorelayers.code.tex 2013/07/18  (rcs-revision 1.7)
)
(/opt/local/share/texmf/tex/generic/pgf/basiclayer/pgfcoretransparency.code.tex
File: pgfcoretransparency.code.tex 2013/09/30  (rcs-revision 1.5)
) (/opt/local/share/texmf/tex/generic/pgf/basiclayer/pgfcorepatterns.code.tex
File: pgfcorepatterns.code.tex 2013/11/07  (rcs-revision 1.5)
))) (/opt/local/share/texmf/tex/generic/pgf/modules/pgfmoduleshapes.code.tex
File: pgfmoduleshapes.code.tex 2014/03/21  (rcs-revision 1.35)
\pgfnodeparttextbox=\box40
)
(/opt/local/share/texmf/tex/generic/pgf/modules/pgfmoduleplot.code.tex
File: pgfmoduleplot.code.tex 2015/08/03  (rcs-revision 1.13)
)
(/opt/local/share/texmf/tex/latex/pgf/compatibility/pgfcomp-version-0-65.sty
Package: pgfcomp-version-0-65 2007/07/03 v3.0.1 (rcs-revision 1.7)
\pgf@nodesepstart=\dimen156
\pgf@nodesepend=\dimen157
)
(/opt/local/share/texmf/tex/latex/pgf/compatibility/pgfcomp-version-1-18.sty
Package: pgfcomp-version-1-18 2007/07/23 v3.0.1 (rcs-revision 1.1)
))
(/opt/local/share/texmf/tex/latex/pgf/utilities/pgffor.sty
(/opt/local/share/texmf/tex/latex/pgf/utilities/pgfkeys.sty
(/opt/local/share/texmf/tex/generic/pgf/utilities/pgfkeys.code.tex))
(/opt/local/share/texmf/tex/latex/pgf/math/pgfmath.sty
(/opt/local/share/texmf/tex/generic/pgf/math/pgfmath.code.tex))
(/opt/local/share/texmf/tex/generic/pgf/utilities/pgffor.code.tex
Package: pgffor 2013/12/13 v3.0.1 (rcs-revision 1.25)

(/opt/local/share/texmf/tex/generic/pgf/math/pgfmath.code.tex)
\pgffor@iter=\dimen158
\pgffor@skip=\dimen159
\pgffor@stack=\toks28
\pgffor@toks=\toks29
))
(/opt/local/share/texmf/tex/generic/pgf/frontendlayer/tikz/tikz.code.tex
Package: tikz 2015/08/07 v3.0.1 (rcs-revision 1.151)

(/opt/local/share/texmf/tex/generic/pgf/libraries/pgflibraryplothandlers.code.t
ex
File: pgflibraryplothandlers.code.tex 2013/08/31 v3.0.1 (rcs-revision 1.20)
\pgf@plot@mark@count=\count130
\pgfplotmarksize=\dimen160
)
\tikz@lastx=\dimen161
\tikz@lasty=\dimen162
\tikz@lastxsaved=\dimen163
\tikz@lastysaved=\dimen164
\tikzleveldistance=\dimen165
\tikzsiblingdistance=\dimen166
\tikz@figbox=\box41
\tikz@figbox@bg=\box42
\tikz@tempbox=\box43
\tikz@tempbox@bg=\box44
\tikztreelevel=\count131
\tikznumberofchildren=\count132
\tikznumberofcurrentchild=\count133
\tikz@fig@count=\count134
 (/opt/local/share/texmf/tex/generic/pgf/modules/pgfmodulematrix.code.tex
File: pgfmodulematrix.code.tex 2013/09/17  (rcs-revision 1.8)
\pgfmatrixcurrentrow=\count135
\pgfmatrixcurrentcolumn=\count136
\pgf@matrix@numberofcolumns=\count137
)
\tikz@expandcount=\count138

(/opt/local/share/texmf/tex/generic/pgf/frontendlayer/tikz/libraries/tikzlibrar
ytopaths.code.tex
File: tikzlibrarytopaths.code.tex 2008/06/17 v3.0.1 (rcs-revision 1.2)
)))
(/opt/local/share/texmf/tex/generic/pgf/frontendlayer/tikz/libraries/tikzlibrar
ycalc.code.tex
File: tikzlibrarycalc.code.tex 2013/07/15 v3.0.1 (rcs-revision 1.9)
)
(/opt/local/share/texmf/tex/generic/pgf/frontendlayer/tikz/libraries/tikzlibrar
yshapes.multipart.code.tex
File: tikzlibraryshapes.multipart.code.tex 2008/01/09 v3.0.1 (rcs-revision 1.1)


(/opt/local/share/texmf/tex/generic/pgf/libraries/shapes/pgflibraryshapes.multi
part.code.tex
File: pgflibraryshapes.multipart.code.tex 2010/01/07 v3.0.1 (rcs-revision 1.2)
\pgfnodepartlowerbox=\box45
\pgfnodeparttwobox=\box46
\pgfnodepartthreebox=\box47
\pgfnodepartfourbox=\box48
\pgfnodeparttwentybox=\box49
\pgfnodepartnineteenbox=\box50
\pgfnodeparteighteenbox=\box51
\pgfnodepartseventeenbox=\box52
\pgfnodepartsixteenbox=\box53
\pgfnodepartfifteenbox=\box54
\pgfnodepartfourteenbox=\box55
\pgfnodepartthirteenbox=\box56
\pgfnodeparttwelvebox=\box57
\pgfnodepartelevenbox=\box58
\pgfnodeparttenbox=\box59
\pgfnodepartninebox=\box60
\pgfnodeparteightbox=\box61
\pgfnodepartsevenbox=\box62
\pgfnodepartsixbox=\box63
\pgfnodepartfivebox=\box64
))
(/opt/local/share/texmf/tex/generic/pgf/frontendlayer/tikz/libraries/tikzlibrar
ychains.code.tex
File: tikzlibrarychains.code.tex 2013/07/15 v3.0.1 (rcs-revision 1.6)

(/opt/local/share/texmf/tex/generic/pgf/frontendlayer/tikz/libraries/tikzlibrar
ypositioning.code.tex
File: tikzlibrarypositioning.code.tex 2008/10/06 v3.0.1 (rcs-revision 1.7)
))
(/opt/local/share/texmf/tex/generic/pgf/frontendlayer/tikz/libraries/tikzlibrar
yarrows.code.tex
File: tikzlibraryarrows.code.tex 2008/01/09 v3.0.1 (rcs-revision 1.1)

(/opt/local/share/texmf/tex/generic/pgf/libraries/pgflibraryarrows.code.tex
File: pgflibraryarrows.code.tex 2013/09/23 v3.0.1 (rcs-revision 1.16)
\arrowsize=\dimen167
))
runsystem(which "pygmentize" && touch "Lab-JPA.aex")...executed.

runsystem(rm "Lab-JPA.aex")...executed.


(./Lab-JPA.aux)
\openout1 = `Lab-JPA.aux'.

LaTeX Font Info:    Checking defaults for OML/cmm/m/it on input line 67.
LaTeX Font Info:    ... okay on input line 67.
LaTeX Font Info:    Checking defaults for T1/cmr/m/n on input line 67.
LaTeX Font Info:    ... okay on input line 67.
LaTeX Font Info:    Checking defaults for OT1/cmr/m/n on input line 67.
LaTeX Font Info:    ... okay on input line 67.
LaTeX Font Info:    Checking defaults for OMS/cmsy/m/n on input line 67.
LaTeX Font Info:    ... okay on input line 67.
LaTeX Font Info:    Checking defaults for OMX/cmex/m/n on input line 67.
LaTeX Font Info:    ... okay on input line 67.
LaTeX Font Info:    Checking defaults for U/cmr/m/n on input line 67.
LaTeX Font Info:    ... okay on input line 67.
LaTeX Font Info:    Checking defaults for PD1/pdf/m/n on input line 67.
LaTeX Font Info:    ... okay on input line 67.
 (/opt/local/share/texmf-texlive/tex/context/base/supp-pdf.mkii
[Loading MPS to PDF converter (version 2006.09.02).]
\scratchcounter=\count139
\scratchdimen=\dimen168
\scratchbox=\box65
\nofMPsegments=\count140
\nofMParguments=\count141
\everyMPshowfont=\toks30
\MPscratchCnt=\count142
\MPscratchDim=\dimen169
\MPnumerator=\count143
\makeMPintoPDFobject=\count144
\everyMPtoPDFconversion=\toks31
) (/opt/local/share/texmf-texlive/tex/latex/oberdiek/epstopdf-base.sty
Package: epstopdf-base 2010/02/09 v2.5 Base part for package epstopdf

(/opt/local/share/texmf-texlive/tex/latex/oberdiek/grfext.sty
Package: grfext 2010/08/19 v1.1 Manage graphics extensions (HO)
)
Package grfext Info: Graphics extension search list:
(grfext)             [.png,.pdf,.jpg,.mps,.jpeg,.jbig2,.jb2,.PNG,.PDF,.JPG,.JPE
G,.JBIG2,.JB2,.eps]
(grfext)             \AppendGraphicsExtensions on input line 452.

(/opt/local/share/texmf-texlive/tex/latex/latexconfig/epstopdf-sys.cfg
File: epstopdf-sys.cfg 2010/07/13 v1.3 Configuration of (r)epstopdf for TeX Liv
e
))
\AtBeginShipoutBox=\box66
Package hyperref Info: Link coloring ON on input line 67.

(/opt/local/share/texmf-texlive/tex/latex/hyperref/nameref.sty
Package: nameref 2012/10/27 v2.43 Cross-referencing by name of section

(/opt/local/share/texmf-texlive/tex/generic/oberdiek/gettitlestring.sty
Package: gettitlestring 2010/12/03 v1.4 Cleanup title references (HO)
)
\c@section@level=\count145
)
LaTeX Info: Redefining \ref on input line 67.
LaTeX Info: Redefining \pageref on input line 67.
LaTeX Info: Redefining \nameref on input line 67.

(./Lab-JPA.out) (./Lab-JPA.out)
\@outlinefile=\write7
\openout7 = `Lab-JPA.out'.

 (./_minted-Lab-JPA/default-pyg-prefix.pygstyle) ABD: EveryShipout initializing
 macros
LaTeX Font Info:    External font `cmex10' loaded for size
(Font)              <17.28> on input line 70.
LaTeX Font Info:    External font `cmex10' loaded for size
(Font)              <12> on input line 70.
LaTeX Font Info:    External font `cmex10' loaded for size
(Font)              <8> on input line 75.
LaTeX Font Info:    External font `cmex10' loaded for size
(Font)              <6> on input line 75.

Overfull \hbox (14.41008pt too wide) in paragraph at lines 75--76
[]\OT1/cmr/m/n/12 Read the fol-low-ing tu-to-rial on JPA: [][]$\OT1/cmtt/m/n/12
 http : / / docs . oracle . com / javaee / 6 / tutorial /
 []

LaTeX Font Info:    Try loading font information for OMS+cmr on input line 81.
(/opt/local/share/texmf-texlive/tex/latex/base/omscmr.fd
File: omscmr.fd 2014/09/29 v2.5h Standard LaTeX font definitions
)
LaTeX Font Info:    Font shape `OMS/cmr/m/n' in size <12> not available
(Font)              Font shape `OMS/cmsy/m/n' tried instead on input line 81.
 [1


{/opt/local/var/db/texmf/fonts/map/pdftex/updmap/pdftex.map}]
\openout5 = `Lab-JPA.pyg'.


(./_minted-Lab-JPA/330B65350A9040E4C3A7D3F1E75680DDA971BED2B1CEEE54086F44825EF0
D2E0.pygtex)
\openout5 = `Lab-JPA.pyg'.


(./_minted-Lab-JPA/621768C0641A53D0D1E3DC34F6C62F16A971BED2B1CEEE54086F44825EF0
D2E0.pygtex)
\openout5 = `Lab-JPA.pyg'.


(./_minted-Lab-JPA/20BE803FA76256EBFF5A3090A351DCE6A971BED2B1CEEE54086F44825EF0
D2E0.pygtex)
\openout5 = `Lab-JPA.pyg'.


(./_minted-Lab-JPA/D265F27851D6B048E64576475674922FA971BED2B1CEEE54086F44825EF0
D2E0.pygtex)
\openout5 = `Lab-JPA.pyg'.


(./_minted-Lab-JPA/286755FAD04869CA523320ACCE0DC6A4A971BED2B1CEEE54086F44825EF0
D2E0.pygtex)
\openout5 = `Lab-JPA.pyg'.


(./_minted-Lab-JPA/871C68189B326A94DE95E219F660448E8012CEA0198D5BFB34C9ED161D1D
5B7A.pygtex)
\openout5 = `Lab-JPA.pyg'.


(./_minted-Lab-JPA/D6CDF550A1D6DC975A7F5B5CE9422D2A8012CEA0198D5BFB34C9ED161D1D
5B7A.pygtex)
\openout5 = `Lab-JPA.pyg'.


(./_minted-Lab-JPA/2B8E260BA36BCA3B30BF8E806C6651B58012CEA0198D5BFB34C9ED161D1D
5B7A.pygtex)
\openout5 = `Lab-JPA.pyg'.


(./_minted-Lab-JPA/C676D06E09EAE0A73D0B3C7E6C722E8B8012CEA0198D5BFB34C9ED161D1D
5B7A.pygtex)
\openout5 = `Lab-JPA.pyg'.


(./_minted-Lab-JPA/6E099EDA72A46A26BC7540D7D97C2FD18012CEA0198D5BFB34C9ED161D1D
5B7A.pygtex) [2]
\openout5 = `Lab-JPA.pyg'.


(./_minted-Lab-JPA/9E6CC3C0311E8EB9548E860D8CAF67348012CEA0198D5BFB34C9ED161D1D
5B7A.pygtex)
\openout5 = `Lab-JPA.pyg'.


(./_minted-Lab-JPA/6EE230C7015A45398575482AADBDD8AD8012CEA0198D5BFB34C9ED161D1D
5B7A.pygtex)
\openout5 = `Lab-JPA.pyg'.


(./_minted-Lab-JPA/56553D7B5B656F3D243A58FB89C6F7168012CEA0198D5BFB34C9ED161D1D
5B7A.pygtex)
\openout5 = `Lab-JPA.pyg'.


(./_minted-Lab-JPA/C676D06E09EAE0A73D0B3C7E6C722E8B8012CEA0198D5BFB34C9ED161D1D
5B7A.pygtex)
\openout5 = `Lab-JPA.pyg'.


(./_minted-Lab-JPA/6F84CCA09DE1021F9E33232ED4B11D848012CEA0198D5BFB34C9ED161D1D
5B7A.pygtex)
\openout5 = `Lab-JPA.pyg'.


(./_minted-Lab-JPA/8D1F3C6D7A2B64A00720E77B78A8F3BF8012CEA0198D5BFB34C9ED161D1D
5B7A.pygtex)
\openout5 = `Lab-JPA.pyg'.


(./_minted-Lab-JPA/C676D06E09EAE0A73D0B3C7E6C722E8B8012CEA0198D5BFB34C9ED161D1D
5B7A.pygtex)
LaTeX Font Info:    External font `cmex10' loaded for size
(Font)              <7> on input line 164.
LaTeX Font Info:    External font `cmex10' loaded for size
(Font)              <5> on input line 164.
\openout3 = `Lab-JPA.pyg'.


(./_minted-Lab-JPA/200D26FDB13CE744B82A755964AA9D228012CEA0198D5BFB34C9ED161D1D
5B7A.pygtex
LaTeX Font Info:    Font shape `OT1/cmtt/bx/n' in size <12> not available
(Font)              Font shape `OT1/cmtt/m/n' tried instead on input line 3.
)
\openout5 = `Lab-JPA.pyg'.


(./_minted-Lab-JPA/6EE230C7015A45398575482AADBDD8AD8012CEA0198D5BFB34C9ED161D1D
5B7A.pygtex)
\openout5 = `Lab-JPA.pyg'.


(./_minted-Lab-JPA/C676D06E09EAE0A73D0B3C7E6C722E8B8012CEA0198D5BFB34C9ED161D1D
5B7A.pygtex)
\openout5 = `Lab-JPA.pyg'.


(./_minted-Lab-JPA/8B0984FF1C391FDC045B77CB0F54D3038012CEA0198D5BFB34C9ED161D1D
5B7A.pygtex)
\openout5 = `Lab-JPA.pyg'.


(./_minted-Lab-JPA/6EE230C7015A45398575482AADBDD8AD8012CEA0198D5BFB34C9ED161D1D
5B7A.pygtex)
\openout5 = `Lab-JPA.pyg'.


(./_minted-Lab-JPA/6E099EDA72A46A26BC7540D7D97C2FD18012CEA0198D5BFB34C9ED161D1D
5B7A.pygtex)
\openout5 = `Lab-JPA.pyg'.


(./_minted-Lab-JPA/882AF486AB44E01716BBA52FDED77AB18012CEA0198D5BFB34C9ED161D1D
5B7A.pygtex)
Overfull \hbox (13.6712pt too wide) in paragraph at lines 176--182
[]\OT1/cmr/m/n/12 Contrast the way we as-so-ci-ated the [][][][][][] and [][][]
[][][] classes through the [][][][][][]
 []

\openout5 = `Lab-JPA.pyg'.

runsystem(python -c "import sys; import textwrap; from io import open; f = open
(\"Lab-JPA.pyg\", \"r\", encoding=\"UTF8\"); t = f.read(); f.close(); f = open(
\"Lab-JPA.pyg\", \"w\", encoding=\"UTF8\"); f.write(textwrap.dedent(t)); f.clos
e();")...executed.

runsystem(pygmentize -l java -f latex -P commandprefix=PYG -F tokenmerge -P mat
hescape=True -P startinline=True -o "_minted-Lab-JPA/804F368834F04E8D39A8A7C76B
A870E38012CEA0198D5BFB34C9ED161D1D5B7A.pygtex" "Lab-JPA.pyg" )...executed.


(./_minted-Lab-JPA/804F368834F04E8D39A8A7C76BA870E38012CEA0198D5BFB34C9ED161D1D
5B7A.pygtex)
\openout5 = `Lab-JPA.pyg'.

runsystem(python -c "import sys; import textwrap; from io import open; f = open
(\"Lab-JPA.pyg\", \"r\", encoding=\"UTF8\"); t = f.read(); f.close(); f = open(
\"Lab-JPA.pyg\", \"w\", encoding=\"UTF8\"); f.write(textwrap.dedent(t)); f.clos
e();")...executed.

runsystem(pygmentize -l java -f latex -P commandprefix=PYG -F tokenmerge -P mat
hescape=True -P startinline=True -o "_minted-Lab-JPA/2A20F3FAB29515E53269691F70
DDF0718012CEA0198D5BFB34C9ED161D1D5B7A.pygtex" "Lab-JPA.pyg" )...executed.


(./_minted-Lab-JPA/2A20F3FAB29515E53269691F70DDF0718012CEA0198D5BFB34C9ED161D1D
5B7A.pygtex)
\openout5 = `Lab-JPA.pyg'.

runsystem(python -c "import sys; import textwrap; from io import open; f = open
(\"Lab-JPA.pyg\", \"r\", encoding=\"UTF8\"); t = f.read(); f.close(); f = open(
\"Lab-JPA.pyg\", \"w\", encoding=\"UTF8\"); f.write(textwrap.dedent(t)); f.clos
e();")...executed.

runsystem(pygmentize -l java -f latex -P commandprefix=PYG -F tokenmerge -P mat
hescape=True -P startinline=True -o "_minted-Lab-JPA/4C601820AC497DBCBA194C5AA4
365F458012CEA0198D5BFB34C9ED161D1D5B7A.pygtex" "Lab-JPA.pyg" )...executed.


(./_minted-Lab-JPA/4C601820AC497DBCBA194C5AA4365F458012CEA0198D5BFB34C9ED161D1D
5B7A.pygtex)
\openout5 = `Lab-JPA.pyg'.


(./_minted-Lab-JPA/D6CDF550A1D6DC975A7F5B5CE9422D2A8012CEA0198D5BFB34C9ED161D1D
5B7A.pygtex)
\openout5 = `Lab-JPA.pyg'.


(./_minted-Lab-JPA/804F368834F04E8D39A8A7C76BA870E38012CEA0198D5BFB34C9ED161D1D
5B7A.pygtex)
\openout5 = `Lab-JPA.pyg'.

runsystem(python -c "import sys; import textwrap; from io import open; f = open
(\"Lab-JPA.pyg\", \"r\", encoding=\"UTF8\"); t = f.read(); f.close(); f = open(
\"Lab-JPA.pyg\", \"w\", encoding=\"UTF8\"); f.write(textwrap.dedent(t)); f.clos
e();")...executed.

runsystem(pygmentize -l java -f latex -P commandprefix=PYG -F tokenmerge -P mat
hescape=True -P startinline=True -o "_minted-Lab-JPA/2910047E567910FFDF470368BC
A7E1E88012CEA0198D5BFB34C9ED161D1D5B7A.pygtex" "Lab-JPA.pyg" )...executed.


(./_minted-Lab-JPA/2910047E567910FFDF470368BCA7E1E88012CEA0198D5BFB34C9ED161D1D
5B7A.pygtex)
\openout5 = `Lab-JPA.pyg'.

runsystem(python -c "import sys; import textwrap; from io import open; f = open
(\"Lab-JPA.pyg\", \"r\", encoding=\"UTF8\"); t = f.read(); f.close(); f = open(
\"Lab-JPA.pyg\", \"w\", encoding=\"UTF8\"); f.write(textwrap.dedent(t)); f.clos
e();")...executed.

runsystem(pygmentize -l java -f latex -P commandprefix=PYG -F tokenmerge -P mat
hescape=True -P startinline=True -o "_minted-Lab-JPA/56DC51458038CF6C717E2F2930
14D6CA8012CEA0198D5BFB34C9ED161D1D5B7A.pygtex" "Lab-JPA.pyg" )...executed.


(./_minted-Lab-JPA/56DC51458038CF6C717E2F293014D6CA8012CEA0198D5BFB34C9ED161D1D
5B7A.pygtex)
\openout5 = `Lab-JPA.pyg'.


(./_minted-Lab-JPA/2B8E260BA36BCA3B30BF8E806C6651B58012CEA0198D5BFB34C9ED161D1D
5B7A.pygtex) [3]
\openout5 = `Lab-JPA.pyg'.


(./_minted-Lab-JPA/2B8E260BA36BCA3B30BF8E806C6651B58012CEA0198D5BFB34C9ED161D1D
5B7A.pygtex)
\openout5 = `Lab-JPA.pyg'.


(./_minted-Lab-JPA/C676D06E09EAE0A73D0B3C7E6C722E8B8012CEA0198D5BFB34C9ED161D1D
5B7A.pygtex)
\openout5 = `Lab-JPA.pyg'.

runsystem(python -c "import sys; import textwrap; from io import open; f = open
(\"Lab-JPA.pyg\", \"r\", encoding=\"UTF8\"); t = f.read(); f.close(); f = open(
\"Lab-JPA.pyg\", \"w\", encoding=\"UTF8\"); f.write(textwrap.dedent(t)); f.clos
e();")...executed.

runsystem(pygmentize -l java -f latex -P commandprefix=PYG -F tokenmerge -P mat
hescape=True -P startinline=True -o "_minted-Lab-JPA/00912E861C48287DBD909A4DE7
160F248012CEA0198D5BFB34C9ED161D1D5B7A.pygtex" "Lab-JPA.pyg" )...executed.


(./_minted-Lab-JPA/00912E861C48287DBD909A4DE7160F248012CEA0198D5BFB34C9ED161D1D
5B7A.pygtex)
\openout5 = `Lab-JPA.pyg'.


(./_minted-Lab-JPA/6C31C1A048B4E59C95CEC32A20B0B2D9A971BED2B1CEEE54086F44825EF0
D2E0.pygtex)
\openout5 = `Lab-JPA.pyg'.


(./_minted-Lab-JPA/6E7C8E582953E78DD5CF15D9FEDA67FDA971BED2B1CEEE54086F44825EF0
D2E0.pygtex)
\openout5 = `Lab-JPA.pyg'.


(./_minted-Lab-JPA/54146107D09D4BBE796DF07CDA5DC819A971BED2B1CEEE54086F44825EF0
D2E0.pygtex)
Overfull \hbox (9.20946pt too wide) in paragraph at lines 218--221
[]\OT1/cmr/m/n/12 Place your [][][][][][] file in the [][][][][][]
 []

runsystem(rm "_minted-Lab-JPA/7B18685A2DF25E641E725E9EAFA7EB308012CEA0198D5BFB3
4C9ED161D1D5B7A.pygtex")...executed.

runsystem(rm "Lab-JPA.pyg")...executed.

[4]
Package atveryend Info: Empty hook `BeforeClearDocument' on input line 222.
Package atveryend Info: Empty hook `AfterLastShipout' on input line 222.
 (./Lab-JPA.aux)
Package atveryend Info: Executing hook `AtVeryEndDocument' on input line 222.
Package atveryend Info: Executing hook `AtEndAfterFileList' on input line 222.
Package rerunfilecheck Info: File `Lab-JPA.out' has not changed.
(rerunfilecheck)             Checksum: D41D8CD98F00B204E9800998ECF8427E;0.
Package atveryend Info: Empty hook `AtVeryVeryEnd' on input line 222.
 ) 
Here is how much of TeX's memory you used:
 20563 strings out of 495004
 419243 string characters out of 6181262
 556619 words of memory out of 5000000
 23337 multiletter control sequences out of 15000+600000
 9289 words of font info for 33 fonts, out of 8000000 for 9000
 14 hyphenation exceptions out of 8191
 64i,8n,64p,935b,506s stack positions out of 5000i,500n,10000p,200000b,80000s
</opt/local/share/texmf-texlive/fonts/type1/public/amsfonts/cm/cmr10.pfb></op
t/local/share/texmf-texlive/fonts/type1/public/amsfonts/cm/cmr12.pfb></opt/loca
l/share/texmf-texlive/fonts/type1/public/amsfonts/cm/cmr17.pfb></opt/local/shar
e/texmf-texlive/fonts/type1/public/amsfonts/cm/cmr6.pfb></opt/local/share/texmf
-texlive/fonts/type1/public/amsfonts/cm/cmr7.pfb></opt/local/share/texmf-texliv
e/fonts/type1/public/amsfonts/cm/cmr8.pfb></opt/local/share/texmf-texlive/fonts
/type1/public/amsfonts/cm/cmssbx10.pfb></opt/local/share/texmf-texlive/fonts/ty
pe1/public/amsfonts/cm/cmsy10.pfb></opt/local/share/texmf-texlive/fonts/type1/p
ublic/amsfonts/cm/cmti12.pfb></opt/local/share/texmf-texlive/fonts/type1/public
/amsfonts/cm/cmtt12.pfb>
Output written on Lab-JPA.pdf (4 pages, 116214 bytes).
PDF statistics:
 105 PDF objects out of 1000 (max. 8388607)
 88 compressed objects within 1 object stream
 31 named destinations out of 1000 (max. 500000)
 13 words of extra memory for PDF output out of 10000 (max. 10000000)

